+ source /data/tir/projects/tir6/general/piyushkh/conda/bin/activate cclm
++ _CONDA_ROOT=/data/tir/projects/tir6/general/piyushkh/conda
++ . /data/tir/projects/tir6/general/piyushkh/conda/etc/profile.d/conda.sh
+++ export CONDA_EXE=/data/tir/projects/tir6/general/piyushkh/conda/bin/conda
+++ CONDA_EXE=/data/tir/projects/tir6/general/piyushkh/conda/bin/conda
+++ export _CE_M=
+++ _CE_M=
+++ export _CE_CONDA=
+++ _CE_CONDA=
+++ export CONDA_PYTHON_EXE=/data/tir/projects/tir6/general/piyushkh/conda/bin/python
+++ CONDA_PYTHON_EXE=/data/tir/projects/tir6/general/piyushkh/conda/bin/python
+++ '[' -z x ']'
++ conda activate cclm
++ local cmd=activate
++ case "$cmd" in
++ __conda_activate activate cclm
++ '[' -n '' ']'
++ local ask_conda
+++ PS1=
+++ __conda_exe shell.posix activate cclm
+++ /data/tir/projects/tir6/general/piyushkh/conda/bin/conda shell.posix activate cclm
++ ask_conda='PS1='\''(cclm) '\''
export PATH='\''/data/tir/projects/tir6/general/piyushkh/.conda/envs/cclm/bin:/data/tir/projects/tir6/general/piyushkh/conda/condabin:/data/tir/projects/tir6/general/piyushkh/conda/bin:/home/piyushkh/.local/bin:/home/piyushkh/bin:/usr/share/Modules/bin:/usr/local/bin:/usr/bin:/usr/local/sbin:/usr/sbin'\''
export CONDA_PREFIX='\''/data/tir/projects/tir6/general/piyushkh/.conda/envs/cclm'\''
export CONDA_SHLVL='\''2'\''
export CONDA_DEFAULT_ENV='\''cclm'\''
export CONDA_PROMPT_MODIFIER='\''(cclm) '\''
export CONDA_PREFIX_1='\''/data/tir/projects/tir6/general/piyushkh/conda'\''
export CONDA_EXE='\''/data/tir/projects/tir6/general/piyushkh/conda/bin/conda'\''
export _CE_M='\'''\''
export _CE_CONDA='\'''\''
export CONDA_PYTHON_EXE='\''/data/tir/projects/tir6/general/piyushkh/conda/bin/python'\'''
++ eval 'PS1='\''(cclm) '\''
export PATH='\''/data/tir/projects/tir6/general/piyushkh/.conda/envs/cclm/bin:/data/tir/projects/tir6/general/piyushkh/conda/condabin:/data/tir/projects/tir6/general/piyushkh/conda/bin:/home/piyushkh/.local/bin:/home/piyushkh/bin:/usr/share/Modules/bin:/usr/local/bin:/usr/bin:/usr/local/sbin:/usr/sbin'\''
export CONDA_PREFIX='\''/data/tir/projects/tir6/general/piyushkh/.conda/envs/cclm'\''
export CONDA_SHLVL='\''2'\''
export CONDA_DEFAULT_ENV='\''cclm'\''
export CONDA_PROMPT_MODIFIER='\''(cclm) '\''
export CONDA_PREFIX_1='\''/data/tir/projects/tir6/general/piyushkh/conda'\''
export CONDA_EXE='\''/data/tir/projects/tir6/general/piyushkh/conda/bin/conda'\''
export _CE_M='\'''\''
export _CE_CONDA='\'''\''
export CONDA_PYTHON_EXE='\''/data/tir/projects/tir6/general/piyushkh/conda/bin/python'\'''
+++ PS1='(cclm) '
+++ export PATH=/data/tir/projects/tir6/general/piyushkh/.conda/envs/cclm/bin:/data/tir/projects/tir6/general/piyushkh/conda/condabin:/data/tir/projects/tir6/general/piyushkh/conda/bin:/home/piyushkh/.local/bin:/home/piyushkh/bin:/usr/share/Modules/bin:/usr/local/bin:/usr/bin:/usr/local/sbin:/usr/sbin
+++ PATH=/data/tir/projects/tir6/general/piyushkh/.conda/envs/cclm/bin:/data/tir/projects/tir6/general/piyushkh/conda/condabin:/data/tir/projects/tir6/general/piyushkh/conda/bin:/home/piyushkh/.local/bin:/home/piyushkh/bin:/usr/share/Modules/bin:/usr/local/bin:/usr/bin:/usr/local/sbin:/usr/sbin
+++ export CONDA_PREFIX=/data/tir/projects/tir6/general/piyushkh/.conda/envs/cclm
+++ CONDA_PREFIX=/data/tir/projects/tir6/general/piyushkh/.conda/envs/cclm
+++ export CONDA_SHLVL=2
+++ CONDA_SHLVL=2
+++ export CONDA_DEFAULT_ENV=cclm
+++ CONDA_DEFAULT_ENV=cclm
+++ export 'CONDA_PROMPT_MODIFIER=(cclm) '
+++ CONDA_PROMPT_MODIFIER='(cclm) '
+++ export CONDA_PREFIX_1=/data/tir/projects/tir6/general/piyushkh/conda
+++ CONDA_PREFIX_1=/data/tir/projects/tir6/general/piyushkh/conda
+++ export CONDA_EXE=/data/tir/projects/tir6/general/piyushkh/conda/bin/conda
+++ CONDA_EXE=/data/tir/projects/tir6/general/piyushkh/conda/bin/conda
+++ export _CE_M=
+++ _CE_M=
+++ export _CE_CONDA=
+++ _CE_CONDA=
+++ export CONDA_PYTHON_EXE=/data/tir/projects/tir6/general/piyushkh/conda/bin/python
+++ CONDA_PYTHON_EXE=/data/tir/projects/tir6/general/piyushkh/conda/bin/python
++ __conda_hashr
++ '[' -n '' ']'
++ '[' -n '' ']'
++ hash -r
+ python3 run.py --dist f4 --task gqa --output_dir CCLM_output3_30k_captions_rationales/ --checkpoint cclm_3m_epoch_29.th --bs 128 --seed 42
/data/tir/projects/tir6/general/piyushkh/conda/lib/python3.11/site-packages/torch/distributed/launch.py:181: FutureWarning: The module torch.distributed.launch is deprecated
and will be removed in future. Use torchrun.
Note that --use-env is set by default in torchrun.
If your script expects `--local-rank` argument to be set, please
change it to read from `os.environ['LOCAL_RANK']` instead. See 
https://pytorch.org/docs/stable/distributed.html#launch-utility for 
further instructions

  warnings.warn(
[2023-12-02 17:19:17,508] torch.distributed.run: [WARNING] 
[2023-12-02 17:19:17,508] torch.distributed.run: [WARNING] *****************************************
[2023-12-02 17:19:17,508] torch.distributed.run: [WARNING] Setting OMP_NUM_THREADS environment variable for each process to be 1 in default, to avoid your system being overloaded, please further tune the variable for optimal performance in your application as needed. 
[2023-12-02 17:19:17,508] torch.distributed.run: [WARNING] *****************************************
/data/tir/projects/tir6/general/piyushkh/conda/lib/python3.11/site-packages/torch/functional.py:504: UserWarning: torch.meshgrid: in an upcoming release, it will be required to pass the indexing argument. (Triggered internally at ../aten/src/ATen/native/TensorShape.cpp:3526.)
  return _VF.meshgrid(tensors, **kwargs)  # type: ignore[attr-defined]
/data/tir/projects/tir6/general/piyushkh/conda/lib/python3.11/site-packages/torch/functional.py:504: UserWarning: torch.meshgrid: in an upcoming release, it will be required to pass the indexing argument. (Triggered internally at ../aten/src/ATen/native/TensorShape.cpp:3526.)
  return _VF.meshgrid(tensors, **kwargs)  # type: ignore[attr-defined]
/data/tir/projects/tir6/general/piyushkh/conda/lib/python3.11/site-packages/torch/functional.py:504: UserWarning: torch.meshgrid: in an upcoming release, it will be required to pass the indexing argument. (Triggered internally at ../aten/src/ATen/native/TensorShape.cpp:3526.)
  return _VF.meshgrid(tensors, **kwargs)  # type: ignore[attr-defined]
/data/tir/projects/tir6/general/piyushkh/conda/lib/python3.11/site-packages/torch/functional.py:504: UserWarning: torch.meshgrid: in an upcoming release, it will be required to pass the indexing argument. (Triggered internally at ../aten/src/ATen/native/TensorShape.cpp:3526.)
  return _VF.meshgrid(tensors, **kwargs)  # type: ignore[attr-defined]
/data/tir/projects/tir6/general/piyushkh/conda/lib/python3.11/site-packages/transformers/optimization.py:411: FutureWarning: This implementation of AdamW is deprecated and will be removed in a future version. Use the PyTorch implementation torch.optim.AdamW instead, or set `no_deprecation_warning=True` to disable this warning
  warnings.warn(
/data/tir/projects/tir6/general/piyushkh/conda/lib/python3.11/site-packages/transformers/optimization.py:411: FutureWarning: This implementation of AdamW is deprecated and will be removed in a future version. Use the PyTorch implementation torch.optim.AdamW instead, or set `no_deprecation_warning=True` to disable this warning
  warnings.warn(
/data/tir/projects/tir6/general/piyushkh/conda/lib/python3.11/site-packages/transformers/optimization.py:411: FutureWarning: This implementation of AdamW is deprecated and will be removed in a future version. Use the PyTorch implementation torch.optim.AdamW instead, or set `no_deprecation_warning=True` to disable this warning
  warnings.warn(
/data/tir/projects/tir6/general/piyushkh/conda/lib/python3.11/site-packages/transformers/optimization.py:411: FutureWarning: This implementation of AdamW is deprecated and will be removed in a future version. Use the PyTorch implementation torch.optim.AdamW instead, or set `no_deprecation_warning=True` to disable this warning
  warnings.warn(
/data/tir/projects/tir6/general/piyushkh/xGQA/multimodal-crosslingual-vqa/CCLM/dataset/randaugment.py:31: RuntimeWarning: overflow encountered in scalar negative
  offset = -low * scale
/data/tir/projects/tir6/general/piyushkh/xGQA/multimodal-crosslingual-vqa/CCLM/dataset/randaugment.py:31: RuntimeWarning: overflow encountered in scalar negative
  offset = -low * scale
/data/tir/projects/tir6/general/piyushkh/xGQA/multimodal-crosslingual-vqa/CCLM/dataset/randaugment.py:31: RuntimeWarning: overflow encountered in scalar negative
  offset = -low * scale
/data/tir/projects/tir6/general/piyushkh/xGQA/multimodal-crosslingual-vqa/CCLM/dataset/randaugment.py:31: RuntimeWarning: overflow encountered in scalar negative
  offset = -low * scale
/data/tir/projects/tir6/general/piyushkh/xGQA/multimodal-crosslingual-vqa/CCLM/dataset/randaugment.py:31: RuntimeWarning: overflow encountered in scalar negative
  offset = -low * scale
/data/tir/projects/tir6/general/piyushkh/xGQA/multimodal-crosslingual-vqa/CCLM/dataset/randaugment.py:31: RuntimeWarning: overflow encountered in scalar negative
  offset = -low * scale
/data/tir/projects/tir6/general/piyushkh/xGQA/multimodal-crosslingual-vqa/CCLM/dataset/randaugment.py:31: RuntimeWarning: overflow encountered in scalar negative
  offset = -low * scale
/data/tir/projects/tir6/general/piyushkh/xGQA/multimodal-crosslingual-vqa/CCLM/dataset/randaugment.py:31: RuntimeWarning: overflow encountered in scalar negative
  offset = -low * scale
/data/tir/projects/tir6/general/piyushkh/xGQA/multimodal-crosslingual-vqa/CCLM/dataset/randaugment.py:31: RuntimeWarning: overflow encountered in scalar negative
  offset = -low * scale
/data/tir/projects/tir6/general/piyushkh/xGQA/multimodal-crosslingual-vqa/CCLM/dataset/randaugment.py:31: RuntimeWarning: overflow encountered in scalar negative
  offset = -low * scale
/data/tir/projects/tir6/general/piyushkh/xGQA/multimodal-crosslingual-vqa/CCLM/dataset/randaugment.py:31: RuntimeWarning: overflow encountered in scalar negative
  offset = -low * scale
/data/tir/projects/tir6/general/piyushkh/xGQA/multimodal-crosslingual-vqa/CCLM/dataset/randaugment.py:31: RuntimeWarning: overflow encountered in scalar negative
  offset = -low * scale
/data/tir/projects/tir6/general/piyushkh/xGQA/multimodal-crosslingual-vqa/CCLM/dataset/randaugment.py:31: RuntimeWarning: overflow encountered in scalar negative
  offset = -low * scale
/data/tir/projects/tir6/general/piyushkh/xGQA/multimodal-crosslingual-vqa/CCLM/dataset/randaugment.py:31: RuntimeWarning: overflow encountered in scalar negative
  offset = -low * scale
/data/tir/projects/tir6/general/piyushkh/xGQA/multimodal-crosslingual-vqa/CCLM/dataset/randaugment.py:31: RuntimeWarning: overflow encountered in scalar negative
  offset = -low * scale
/data/tir/projects/tir6/general/piyushkh/xGQA/multimodal-crosslingual-vqa/CCLM/dataset/randaugment.py:31: RuntimeWarning: overflow encountered in scalar negative
  offset = -low * scale
/data/tir/projects/tir6/general/piyushkh/xGQA/multimodal-crosslingual-vqa/CCLM/dataset/randaugment.py:31: RuntimeWarning: overflow encountered in scalar negative
  offset = -low * scale
/data/tir/projects/tir6/general/piyushkh/xGQA/multimodal-crosslingual-vqa/CCLM/dataset/randaugment.py:31: RuntimeWarning: overflow encountered in scalar negative
  offset = -low * scale
/data/tir/projects/tir6/general/piyushkh/xGQA/multimodal-crosslingual-vqa/CCLM/dataset/randaugment.py:31: RuntimeWarning: overflow encountered in scalar negative
  offset = -low * scale
/data/tir/projects/tir6/general/piyushkh/xGQA/multimodal-crosslingual-vqa/CCLM/dataset/randaugment.py:31: RuntimeWarning: overflow encountered in scalar negative
  offset = -low * scale
/data/tir/projects/tir6/general/piyushkh/xGQA/multimodal-crosslingual-vqa/CCLM/dataset/randaugment.py:31: RuntimeWarning: overflow encountered in scalar negative
  offset = -low * scale
/data/tir/projects/tir6/general/piyushkh/xGQA/multimodal-crosslingual-vqa/CCLM/dataset/randaugment.py:31: RuntimeWarning: overflow encountered in scalar negative
  offset = -low * scale
/data/tir/projects/tir6/general/piyushkh/xGQA/multimodal-crosslingual-vqa/CCLM/dataset/randaugment.py:31: RuntimeWarning: overflow encountered in scalar negative
  offset = -low * scale
/data/tir/projects/tir6/general/piyushkh/xGQA/multimodal-crosslingual-vqa/CCLM/dataset/randaugment.py:31: RuntimeWarning: overflow encountered in scalar negative
  offset = -low * scale
/data/tir/projects/tir6/general/piyushkh/xGQA/multimodal-crosslingual-vqa/CCLM/dataset/randaugment.py:31: RuntimeWarning: overflow encountered in scalar negative
  offset = -low * scale
/data/tir/projects/tir6/general/piyushkh/xGQA/multimodal-crosslingual-vqa/CCLM/dataset/randaugment.py:31: RuntimeWarning: overflow encountered in scalar negative
  offset = -low * scale
/data/tir/projects/tir6/general/piyushkh/xGQA/multimodal-crosslingual-vqa/CCLM/dataset/randaugment.py:31: RuntimeWarning: overflow encountered in scalar negative
  offset = -low * scale
/data/tir/projects/tir6/general/piyushkh/xGQA/multimodal-crosslingual-vqa/CCLM/dataset/randaugment.py:31: RuntimeWarning: overflow encountered in scalar negative
  offset = -low * scale
/data/tir/projects/tir6/general/piyushkh/xGQA/multimodal-crosslingual-vqa/CCLM/dataset/randaugment.py:31: RuntimeWarning: overflow encountered in scalar negative
  offset = -low * scale
/data/tir/projects/tir6/general/piyushkh/xGQA/multimodal-crosslingual-vqa/CCLM/dataset/randaugment.py:31: RuntimeWarning: overflow encountered in scalar negative
  offset = -low * scale
/data/tir/projects/tir6/general/piyushkh/xGQA/multimodal-crosslingual-vqa/CCLM/dataset/randaugment.py:31: RuntimeWarning: overflow encountered in scalar negative
  offset = -low * scale
/data/tir/projects/tir6/general/piyushkh/xGQA/multimodal-crosslingual-vqa/CCLM/dataset/randaugment.py:31: RuntimeWarning: overflow encountered in scalar negative
  offset = -low * scale
/data/tir/projects/tir6/general/piyushkh/xGQA/multimodal-crosslingual-vqa/CCLM/dataset/randaugment.py:31: RuntimeWarning: overflow encountered in scalar negative
  offset = -low * scale
/data/tir/projects/tir6/general/piyushkh/xGQA/multimodal-crosslingual-vqa/CCLM/dataset/randaugment.py:31: RuntimeWarning: overflow encountered in scalar negative
  offset = -low * scale
/data/tir/projects/tir6/general/piyushkh/xGQA/multimodal-crosslingual-vqa/CCLM/dataset/randaugment.py:31: RuntimeWarning: overflow encountered in scalar negative
  offset = -low * scale
/data/tir/projects/tir6/general/piyushkh/xGQA/multimodal-crosslingual-vqa/CCLM/dataset/randaugment.py:31: RuntimeWarning: overflow encountered in scalar negative
  offset = -low * scale
/data/tir/projects/tir6/general/piyushkh/xGQA/multimodal-crosslingual-vqa/CCLM/dataset/randaugment.py:31: RuntimeWarning: overflow encountered in scalar negative
  offset = -low * scale
/data/tir/projects/tir6/general/piyushkh/xGQA/multimodal-crosslingual-vqa/CCLM/dataset/randaugment.py:31: RuntimeWarning: overflow encountered in scalar negative
  offset = -low * scale
/data/tir/projects/tir6/general/piyushkh/xGQA/multimodal-crosslingual-vqa/CCLM/dataset/randaugment.py:31: RuntimeWarning: overflow encountered in scalar negative
  offset = -low * scale
/data/tir/projects/tir6/general/piyushkh/xGQA/multimodal-crosslingual-vqa/CCLM/dataset/randaugment.py:31: RuntimeWarning: overflow encountered in scalar negative
  offset = -low * scale
/data/tir/projects/tir6/general/piyushkh/xGQA/multimodal-crosslingual-vqa/CCLM/dataset/randaugment.py:31: RuntimeWarning: overflow encountered in scalar negative
  offset = -low * scale
/data/tir/projects/tir6/general/piyushkh/xGQA/multimodal-crosslingual-vqa/CCLM/dataset/randaugment.py:31: RuntimeWarning: overflow encountered in scalar negative
  offset = -low * scale
/data/tir/projects/tir6/general/piyushkh/xGQA/multimodal-crosslingual-vqa/CCLM/dataset/randaugment.py:31: RuntimeWarning: overflow encountered in scalar negative
  offset = -low * scale
/data/tir/projects/tir6/general/piyushkh/xGQA/multimodal-crosslingual-vqa/CCLM/dataset/randaugment.py:31: RuntimeWarning: overflow encountered in scalar negative
  offset = -low * scale
/data/tir/projects/tir6/general/piyushkh/xGQA/multimodal-crosslingual-vqa/CCLM/dataset/randaugment.py:31: RuntimeWarning: overflow encountered in scalar negative
  offset = -low * scale
/data/tir/projects/tir6/general/piyushkh/xGQA/multimodal-crosslingual-vqa/CCLM/dataset/randaugment.py:31: RuntimeWarning: overflow encountered in scalar negative
  offset = -low * scale
/data/tir/projects/tir6/general/piyushkh/xGQA/multimodal-crosslingual-vqa/CCLM/dataset/randaugment.py:31: RuntimeWarning: overflow encountered in scalar negative
  offset = -low * scale
/data/tir/projects/tir6/general/piyushkh/xGQA/multimodal-crosslingual-vqa/CCLM/dataset/randaugment.py:31: RuntimeWarning: overflow encountered in scalar negative
  offset = -low * scale
/data/tir/projects/tir6/general/piyushkh/xGQA/multimodal-crosslingual-vqa/CCLM/dataset/randaugment.py:31: RuntimeWarning: overflow encountered in scalar negative
  offset = -low * scale
/data/tir/projects/tir6/general/piyushkh/xGQA/multimodal-crosslingual-vqa/CCLM/dataset/randaugment.py:31: RuntimeWarning: overflow encountered in scalar negative
  offset = -low * scale
/data/tir/projects/tir6/general/piyushkh/xGQA/multimodal-crosslingual-vqa/CCLM/dataset/randaugment.py:31: RuntimeWarning: overflow encountered in scalar negative
  offset = -low * scale
/data/tir/projects/tir6/general/piyushkh/xGQA/multimodal-crosslingual-vqa/CCLM/dataset/randaugment.py:31: RuntimeWarning: overflow encountered in scalar negative
  offset = -low * scale
/data/tir/projects/tir6/general/piyushkh/xGQA/multimodal-crosslingual-vqa/CCLM/dataset/randaugment.py:31: RuntimeWarning: overflow encountered in scalar negative
  offset = -low * scale
/data/tir/projects/tir6/general/piyushkh/xGQA/multimodal-crosslingual-vqa/CCLM/dataset/randaugment.py:31: RuntimeWarning: overflow encountered in scalar negative
  offset = -low * scale
/data/tir/projects/tir6/general/piyushkh/xGQA/multimodal-crosslingual-vqa/CCLM/dataset/randaugment.py:31: RuntimeWarning: overflow encountered in scalar negative
  offset = -low * scale
/data/tir/projects/tir6/general/piyushkh/xGQA/multimodal-crosslingual-vqa/CCLM/dataset/randaugment.py:31: RuntimeWarning: overflow encountered in scalar negative
  offset = -low * scale
/data/tir/projects/tir6/general/piyushkh/xGQA/multimodal-crosslingual-vqa/CCLM/dataset/randaugment.py:31: RuntimeWarning: overflow encountered in scalar negative
  offset = -low * scale
/data/tir/projects/tir6/general/piyushkh/xGQA/multimodal-crosslingual-vqa/CCLM/dataset/randaugment.py:31: RuntimeWarning: overflow encountered in scalar negative
  offset = -low * scale
/data/tir/projects/tir6/general/piyushkh/xGQA/multimodal-crosslingual-vqa/CCLM/dataset/randaugment.py:31: RuntimeWarning: overflow encountered in scalar negative
  offset = -low * scale
/data/tir/projects/tir6/general/piyushkh/xGQA/multimodal-crosslingual-vqa/CCLM/dataset/randaugment.py:31: RuntimeWarning: overflow encountered in scalar negative
  offset = -low * scale
/data/tir/projects/tir6/general/piyushkh/xGQA/multimodal-crosslingual-vqa/CCLM/dataset/randaugment.py:31: RuntimeWarning: overflow encountered in scalar negative
  offset = -low * scale
/data/tir/projects/tir6/general/piyushkh/xGQA/multimodal-crosslingual-vqa/CCLM/dataset/randaugment.py:31: RuntimeWarning: overflow encountered in scalar negative
  offset = -low * scale
/data/tir/projects/tir6/general/piyushkh/xGQA/multimodal-crosslingual-vqa/CCLM/dataset/randaugment.py:31: RuntimeWarning: overflow encountered in scalar negative
  offset = -low * scale
/data/tir/projects/tir6/general/piyushkh/xGQA/multimodal-crosslingual-vqa/CCLM/dataset/randaugment.py:31: RuntimeWarning: overflow encountered in scalar negative
  offset = -low * scale
/data/tir/projects/tir6/general/piyushkh/xGQA/multimodal-crosslingual-vqa/CCLM/dataset/randaugment.py:31: RuntimeWarning: overflow encountered in scalar negative
  offset = -low * scale
/data/tir/projects/tir6/general/piyushkh/xGQA/multimodal-crosslingual-vqa/CCLM/dataset/randaugment.py:31: RuntimeWarning: overflow encountered in scalar negative
  offset = -low * scale
/data/tir/projects/tir6/general/piyushkh/xGQA/multimodal-crosslingual-vqa/CCLM/dataset/randaugment.py:31: RuntimeWarning: overflow encountered in scalar negative
  offset = -low * scale
/data/tir/projects/tir6/general/piyushkh/xGQA/multimodal-crosslingual-vqa/CCLM/dataset/randaugment.py:31: RuntimeWarning: overflow encountered in scalar negative
  offset = -low * scale
/data/tir/projects/tir6/general/piyushkh/xGQA/multimodal-crosslingual-vqa/CCLM/dataset/randaugment.py:31: RuntimeWarning: overflow encountered in scalar negative
  offset = -low * scale
/data/tir/projects/tir6/general/piyushkh/xGQA/multimodal-crosslingual-vqa/CCLM/dataset/randaugment.py:31: RuntimeWarning: overflow encountered in scalar negative
  offset = -low * scale
/data/tir/projects/tir6/general/piyushkh/xGQA/multimodal-crosslingual-vqa/CCLM/dataset/randaugment.py:31: RuntimeWarning: overflow encountered in scalar negative
  offset = -low * scale
/data/tir/projects/tir6/general/piyushkh/xGQA/multimodal-crosslingual-vqa/CCLM/dataset/randaugment.py:31: RuntimeWarning: overflow encountered in scalar negative
  offset = -low * scale
/data/tir/projects/tir6/general/piyushkh/xGQA/multimodal-crosslingual-vqa/CCLM/dataset/randaugment.py:31: RuntimeWarning: overflow encountered in scalar negative
  offset = -low * scale
/data/tir/projects/tir6/general/piyushkh/xGQA/multimodal-crosslingual-vqa/CCLM/dataset/randaugment.py:31: RuntimeWarning: overflow encountered in scalar negative
  offset = -low * scale
/data/tir/projects/tir6/general/piyushkh/xGQA/multimodal-crosslingual-vqa/CCLM/dataset/randaugment.py:31: RuntimeWarning: overflow encountered in scalar negative
  offset = -low * scale
/data/tir/projects/tir6/general/piyushkh/xGQA/multimodal-crosslingual-vqa/CCLM/dataset/randaugment.py:31: RuntimeWarning: overflow encountered in scalar negative
  offset = -low * scale
/data/tir/projects/tir6/general/piyushkh/xGQA/multimodal-crosslingual-vqa/CCLM/dataset/randaugment.py:31: RuntimeWarning: overflow encountered in scalar negative
  offset = -low * scale
/data/tir/projects/tir6/general/piyushkh/xGQA/multimodal-crosslingual-vqa/CCLM/dataset/randaugment.py:31: RuntimeWarning: overflow encountered in scalar negative
  offset = -low * scale
/data/tir/projects/tir6/general/piyushkh/xGQA/multimodal-crosslingual-vqa/CCLM/dataset/randaugment.py:31: RuntimeWarning: overflow encountered in scalar negative
  offset = -low * scale
/data/tir/projects/tir6/general/piyushkh/xGQA/multimodal-crosslingual-vqa/CCLM/dataset/randaugment.py:31: RuntimeWarning: overflow encountered in scalar negative
  offset = -low * scale
